[0.038s] Invoking command in '/home/ahoque245/workspaces/ros2_ws/src/box2d_rl/build/box2d_rl': CMAKE_PREFIX_PATH=${CMAKE_PREFIX_PATH}:/opt/ros/humble /usr/bin/cmake /home/ahoque245/workspaces/ros2_ws/src/box2d_rl -DCMAKE_INSTALL_PREFIX=/home/ahoque245/workspaces/ros2_ws/src/box2d_rl/install/box2d_rl
[0.069s] -- The C compiler identification is GNU 11.4.0
[0.122s] -- The CXX compiler identification is GNU 11.4.0
[0.126s] -- Detecting C compiler ABI info
[0.196s] -- Detecting C compiler ABI info - done
[0.200s] -- Check for working C compiler: /usr/bin/cc - skipped
[0.200s] -- Detecting C compile features
[0.200s] -- Detecting C compile features - done
[0.202s] -- Detecting CXX compiler ABI info
[0.244s] -- Detecting CXX compiler ABI info - done
[0.248s] -- Check for working CXX compiler: /usr/bin/c++ - skipped
[0.248s] -- Detecting CXX compile features
[0.248s] -- Detecting CXX compile features - done
[0.250s] -- Found ament_cmake: 1.3.6 (/opt/ros/humble/share/ament_cmake/cmake)
[0.347s] -- Found Python3: /usr/bin/python3.10 (found version "3.10.12") found components: Interpreter 
[0.399s] -- Found rclpy: 3.3.11 (/opt/ros/humble/share/rclpy/cmake)
[0.400s] -- Found std_msgs: 4.2.3 (/opt/ros/humble/share/std_msgs/cmake)
[0.424s] -- Found rosidl_generator_c: 3.1.5 (/opt/ros/humble/share/rosidl_generator_c/cmake)
[0.427s] -- Found rosidl_adapter: 3.1.5 (/opt/ros/humble/share/rosidl_adapter/cmake)
[0.432s] -- Found rosidl_generator_cpp: 3.1.5 (/opt/ros/humble/share/rosidl_generator_cpp/cmake)
[0.440s] -- Using all available rosidl_typesupport_c: rosidl_typesupport_fastrtps_c;rosidl_typesupport_introspection_c
[0.451s] -- Using all available rosidl_typesupport_cpp: rosidl_typesupport_fastrtps_cpp;rosidl_typesupport_introspection_cpp
[0.484s] -- Found ament_lint_auto: 0.12.9 (/opt/ros/humble/share/ament_lint_auto/cmake)
[0.539s] -- Added test 'cppcheck' to perform static code analysis on C / C++ code
[0.539s] -- Configured cppcheck include dirs: 
[0.540s] -- Configured cppcheck exclude dirs and/or files: 
[0.540s] -- Added test 'flake8' to check Python code syntax and style conventions
[0.542s] -- Added test 'lint_cmake' to check CMake code style
[0.543s] -- Added test 'pep257' to check Python code against some of the docstring style conventions in PEP 257
[0.547s] -- Added test 'uncrustify' to check C / C++ code style
[0.547s] -- Configured uncrustify additional arguments: 
[0.548s] -- Added test 'xmllint' to check XML markup files
[0.549s] -- Configuring done
[0.551s] -- Generating done
[0.551s] -- Build files have been written to: /home/ahoque245/workspaces/ros2_ws/src/box2d_rl/build/box2d_rl
[0.556s] Invoked command in '/home/ahoque245/workspaces/ros2_ws/src/box2d_rl/build/box2d_rl' returned '0': CMAKE_PREFIX_PATH=${CMAKE_PREFIX_PATH}:/opt/ros/humble /usr/bin/cmake /home/ahoque245/workspaces/ros2_ws/src/box2d_rl -DCMAKE_INSTALL_PREFIX=/home/ahoque245/workspaces/ros2_ws/src/box2d_rl/install/box2d_rl
[0.557s] Invoking command in '/home/ahoque245/workspaces/ros2_ws/src/box2d_rl/build/box2d_rl': CMAKE_PREFIX_PATH=${CMAKE_PREFIX_PATH}:/opt/ros/humble /usr/bin/cmake --build /home/ahoque245/workspaces/ros2_ws/src/box2d_rl/build/box2d_rl -- -j20 -l20
[0.583s] Invoked command in '/home/ahoque245/workspaces/ros2_ws/src/box2d_rl/build/box2d_rl' returned '0': CMAKE_PREFIX_PATH=${CMAKE_PREFIX_PATH}:/opt/ros/humble /usr/bin/cmake --build /home/ahoque245/workspaces/ros2_ws/src/box2d_rl/build/box2d_rl -- -j20 -l20
[0.638s] Invoking command in '/home/ahoque245/workspaces/ros2_ws/src/box2d_rl/build/box2d_rl': CMAKE_PREFIX_PATH=${CMAKE_PREFIX_PATH}:/opt/ros/humble /usr/bin/cmake --install /home/ahoque245/workspaces/ros2_ws/src/box2d_rl/build/box2d_rl
[0.651s] -- Install configuration: ""
[0.651s] -- Installing: /home/ahoque245/workspaces/ros2_ws/src/box2d_rl/install/box2d_rl/share/box2d_rl/src
[0.652s] -- Installing: /home/ahoque245/workspaces/ros2_ws/src/box2d_rl/install/box2d_rl/share/box2d_rl/src/bipedal_simulator.py
[0.652s] -- Installing: /home/ahoque245/workspaces/ros2_ws/src/box2d_rl/install/box2d_rl/share/box2d_rl/launch
[0.652s] -- Installing: /home/ahoque245/workspaces/ros2_ws/src/box2d_rl/install/box2d_rl/share/box2d_rl/launch/biped_sim.launch.py
[0.653s] -- Installing: /home/ahoque245/workspaces/ros2_ws/src/box2d_rl/install/box2d_rl/lib/box2d_rl/bipedal_simulator.py
[0.653s] -- Installing: /home/ahoque245/workspaces/ros2_ws/src/box2d_rl/install/box2d_rl/share/ament_index/resource_index/package_run_dependencies/box2d_rl
[0.653s] -- Installing: /home/ahoque245/workspaces/ros2_ws/src/box2d_rl/install/box2d_rl/share/ament_index/resource_index/parent_prefix_path/box2d_rl
[0.653s] -- Installing: /home/ahoque245/workspaces/ros2_ws/src/box2d_rl/install/box2d_rl/share/box2d_rl/environment/ament_prefix_path.sh
[0.653s] -- Installing: /home/ahoque245/workspaces/ros2_ws/src/box2d_rl/install/box2d_rl/share/box2d_rl/environment/ament_prefix_path.dsv
[0.654s] -- Installing: /home/ahoque245/workspaces/ros2_ws/src/box2d_rl/install/box2d_rl/share/box2d_rl/environment/path.sh
[0.654s] -- Installing: /home/ahoque245/workspaces/ros2_ws/src/box2d_rl/install/box2d_rl/share/box2d_rl/environment/path.dsv
[0.654s] -- Installing: /home/ahoque245/workspaces/ros2_ws/src/box2d_rl/install/box2d_rl/share/box2d_rl/local_setup.bash
[0.654s] -- Installing: /home/ahoque245/workspaces/ros2_ws/src/box2d_rl/install/box2d_rl/share/box2d_rl/local_setup.sh
[0.654s] -- Installing: /home/ahoque245/workspaces/ros2_ws/src/box2d_rl/install/box2d_rl/share/box2d_rl/local_setup.zsh
[0.654s] -- Installing: /home/ahoque245/workspaces/ros2_ws/src/box2d_rl/install/box2d_rl/share/box2d_rl/local_setup.dsv
[0.654s] -- Installing: /home/ahoque245/workspaces/ros2_ws/src/box2d_rl/install/box2d_rl/share/box2d_rl/package.dsv
[0.655s] -- Installing: /home/ahoque245/workspaces/ros2_ws/src/box2d_rl/install/box2d_rl/share/ament_index/resource_index/packages/box2d_rl
[0.655s] -- Installing: /home/ahoque245/workspaces/ros2_ws/src/box2d_rl/install/box2d_rl/share/box2d_rl/cmake/box2d_rlConfig.cmake
[0.655s] -- Installing: /home/ahoque245/workspaces/ros2_ws/src/box2d_rl/install/box2d_rl/share/box2d_rl/cmake/box2d_rlConfig-version.cmake
[0.656s] -- Installing: /home/ahoque245/workspaces/ros2_ws/src/box2d_rl/install/box2d_rl/share/box2d_rl/package.xml
[0.656s] Invoked command in '/home/ahoque245/workspaces/ros2_ws/src/box2d_rl/build/box2d_rl' returned '0': CMAKE_PREFIX_PATH=${CMAKE_PREFIX_PATH}:/opt/ros/humble /usr/bin/cmake --install /home/ahoque245/workspaces/ros2_ws/src/box2d_rl/build/box2d_rl
