[0.724s] DEBUG:colcon:Command line arguments: ['/usr/bin/colcon', 'build']
[0.724s] DEBUG:colcon:Parsed command line arguments: Namespace(log_base=None, log_level=None, verb_name='build', build_base='build', install_base='install', merge_install=False, symlink_install=False, test_result_base=None, continue_on_error=False, executor='parallel', parallel_workers=20, event_handlers=None, ignore_user_meta=False, metas=['./colcon.meta'], base_paths=['.'], packages_ignore=None, packages_ignore_regex=None, paths=None, packages_up_to=None, packages_up_to_regex=None, packages_above=None, packages_above_and_dependencies=None, packages_above_depth=None, packages_select_by_dep=None, packages_skip_by_dep=None, packages_skip_up_to=None, packages_select_build_failed=False, packages_skip_build_finished=False, packages_select_test_failures=False, packages_skip_test_passed=False, packages_select=None, packages_skip=None, packages_select_regex=None, packages_skip_regex=None, packages_start=None, packages_end=None, allow_overriding=[], cmake_args=None, cmake_target=None, cmake_target_skip_unavailable=False, cmake_clean_cache=False, cmake_clean_first=False, cmake_force_configure=False, ament_cmake_args=None, catkin_cmake_args=None, catkin_skip_building_tests=False, mixin_files=None, mixin=None, verb_parser=<colcon_mixin.mixin.mixin_argument.MixinArgumentDecorator object at 0x7028aa026050>, verb_extension=<colcon_core.verb.build.BuildVerb object at 0x7028aa5f8fa0>, main=<bound method BuildVerb.main of <colcon_core.verb.build.BuildVerb object at 0x7028aa5f8fa0>>, mixin_verb=('build',))
[0.751s] Level 1:colcon.colcon_core.package_discovery:discover_packages(colcon_meta) check parameters
[0.751s] Level 1:colcon.colcon_core.package_discovery:discover_packages(recursive) check parameters
[0.751s] Level 1:colcon.colcon_core.package_discovery:discover_packages(ignore) check parameters
[0.751s] Level 1:colcon.colcon_core.package_discovery:discover_packages(path) check parameters
[0.751s] Level 1:colcon.colcon_core.package_discovery:discover_packages(colcon_meta) discover
[0.751s] Level 1:colcon.colcon_core.package_discovery:discover_packages(recursive) discover
[0.751s] INFO:colcon.colcon_core.package_discovery:Crawling recursively for packages in '/home/ahoque245/workspaces/ros2_ws/src/box2d_rl'
[0.751s] Level 1:colcon.colcon_core.package_identification:_identify(.) by extensions ['ignore', 'ignore_ament_install']
[0.751s] Level 1:colcon.colcon_core.package_identification:_identify(.) by extension 'ignore'
[0.751s] Level 1:colcon.colcon_core.package_identification:_identify(.) by extension 'ignore_ament_install'
[0.751s] Level 1:colcon.colcon_core.package_identification:_identify(.) by extensions ['colcon_pkg']
[0.751s] Level 1:colcon.colcon_core.package_identification:_identify(.) by extension 'colcon_pkg'
[0.751s] Level 1:colcon.colcon_core.package_identification:_identify(.) by extensions ['colcon_meta']
[0.751s] Level 1:colcon.colcon_core.package_identification:_identify(.) by extension 'colcon_meta'
[0.751s] Level 1:colcon.colcon_core.package_identification:_identify(.) by extensions ['ros']
[0.751s] Level 1:colcon.colcon_core.package_identification:_identify(.) by extension 'ros'
[0.757s] DEBUG:colcon.colcon_core.package_identification:Package '.' with type 'ros.ament_cmake' and name 'box2d_rl'
[0.758s] Level 1:colcon.colcon_core.package_discovery:discover_packages(recursive) using defaults
[0.758s] Level 1:colcon.colcon_core.package_discovery:discover_packages(ignore) discover
[0.758s] Level 1:colcon.colcon_core.package_discovery:discover_packages(ignore) using defaults
[0.758s] Level 1:colcon.colcon_core.package_discovery:discover_packages(path) discover
[0.758s] Level 1:colcon.colcon_core.package_discovery:discover_packages(path) using defaults
[0.811s] Level 1:colcon.colcon_core.package_discovery:discover_packages(prefix_path) check parameters
[0.811s] Level 1:colcon.colcon_core.package_discovery:discover_packages(prefix_path) discover
[0.828s] DEBUG:colcon.colcon_installed_package_information.package_discovery:Found 12 installed packages in /home/ahoque245/workspaces/ros2_ws/install
[0.837s] DEBUG:colcon.colcon_installed_package_information.package_discovery:Found 404 installed packages in /opt/ros/humble
[0.838s] Level 1:colcon.colcon_core.package_discovery:discover_packages(prefix_path) using defaults
[0.890s] Level 5:colcon.colcon_core.verb:set package 'box2d_rl' build argument 'cmake_args' from command line to 'None'
[0.890s] Level 5:colcon.colcon_core.verb:set package 'box2d_rl' build argument 'cmake_target' from command line to 'None'
[0.890s] Level 5:colcon.colcon_core.verb:set package 'box2d_rl' build argument 'cmake_target_skip_unavailable' from command line to 'False'
[0.890s] Level 5:colcon.colcon_core.verb:set package 'box2d_rl' build argument 'cmake_clean_cache' from command line to 'False'
[0.890s] Level 5:colcon.colcon_core.verb:set package 'box2d_rl' build argument 'cmake_clean_first' from command line to 'False'
[0.890s] Level 5:colcon.colcon_core.verb:set package 'box2d_rl' build argument 'cmake_force_configure' from command line to 'False'
[0.890s] Level 5:colcon.colcon_core.verb:set package 'box2d_rl' build argument 'ament_cmake_args' from command line to 'None'
[0.890s] Level 5:colcon.colcon_core.verb:set package 'box2d_rl' build argument 'catkin_cmake_args' from command line to 'None'
[0.890s] Level 5:colcon.colcon_core.verb:set package 'box2d_rl' build argument 'catkin_skip_building_tests' from command line to 'False'
[0.890s] DEBUG:colcon.colcon_core.verb:Building package 'box2d_rl' with the following arguments: {'ament_cmake_args': None, 'build_base': '/home/ahoque245/workspaces/ros2_ws/src/box2d_rl/build/box2d_rl', 'catkin_cmake_args': None, 'catkin_skip_building_tests': False, 'cmake_args': None, 'cmake_clean_cache': False, 'cmake_clean_first': False, 'cmake_force_configure': False, 'cmake_target': None, 'cmake_target_skip_unavailable': False, 'install_base': '/home/ahoque245/workspaces/ros2_ws/src/box2d_rl/install/box2d_rl', 'merge_install': False, 'path': '/home/ahoque245/workspaces/ros2_ws/src/box2d_rl', 'symlink_install': False, 'test_result_base': None}
[0.899s] INFO:colcon.colcon_core.executor:Executing jobs using 'parallel' executor
[0.907s] DEBUG:colcon.colcon_parallel_executor.executor.parallel:run_until_complete
[0.907s] INFO:colcon.colcon_ros.task.ament_cmake.build:Building ROS package in '/home/ahoque245/workspaces/ros2_ws/src/box2d_rl' with build type 'ament_cmake'
[0.908s] INFO:colcon.colcon_cmake.task.cmake.build:Building CMake package in '/home/ahoque245/workspaces/ros2_ws/src/box2d_rl'
[0.917s] INFO:colcon.colcon_core.plugin_system:Skipping extension 'colcon_core.shell.bat': Not used on non-Windows systems
[0.917s] INFO:colcon.colcon_core.shell:Skip shell extension 'powershell' for command environment: Not usable outside of PowerShell
[0.917s] DEBUG:colcon.colcon_core.shell:Skip shell extension 'dsv' for command environment
[0.945s] DEBUG:colcon.colcon_core.event_handler.log_command:Invoking command in '/home/ahoque245/workspaces/ros2_ws/src/box2d_rl/build/box2d_rl': CMAKE_PREFIX_PATH=${CMAKE_PREFIX_PATH}:/opt/ros/humble /usr/bin/cmake /home/ahoque245/workspaces/ros2_ws/src/box2d_rl -DCMAKE_INSTALL_PREFIX=/home/ahoque245/workspaces/ros2_ws/src/box2d_rl/install/box2d_rl
[1.464s] DEBUG:colcon.colcon_core.event_handler.log_command:Invoked command in '/home/ahoque245/workspaces/ros2_ws/src/box2d_rl/build/box2d_rl' returned '0': CMAKE_PREFIX_PATH=${CMAKE_PREFIX_PATH}:/opt/ros/humble /usr/bin/cmake /home/ahoque245/workspaces/ros2_ws/src/box2d_rl -DCMAKE_INSTALL_PREFIX=/home/ahoque245/workspaces/ros2_ws/src/box2d_rl/install/box2d_rl
[1.464s] DEBUG:colcon.colcon_core.event_handler.log_command:Invoking command in '/home/ahoque245/workspaces/ros2_ws/src/box2d_rl/build/box2d_rl': CMAKE_PREFIX_PATH=${CMAKE_PREFIX_PATH}:/opt/ros/humble /usr/bin/cmake --build /home/ahoque245/workspaces/ros2_ws/src/box2d_rl/build/box2d_rl -- -j20 -l20
[1.491s] DEBUG:colcon.colcon_core.event_handler.log_command:Invoked command in '/home/ahoque245/workspaces/ros2_ws/src/box2d_rl/build/box2d_rl' returned '0': CMAKE_PREFIX_PATH=${CMAKE_PREFIX_PATH}:/opt/ros/humble /usr/bin/cmake --build /home/ahoque245/workspaces/ros2_ws/src/box2d_rl/build/box2d_rl -- -j20 -l20
[1.546s] DEBUG:colcon.colcon_core.event_handler.log_command:Invoking command in '/home/ahoque245/workspaces/ros2_ws/src/box2d_rl/build/box2d_rl': CMAKE_PREFIX_PATH=${CMAKE_PREFIX_PATH}:/opt/ros/humble /usr/bin/cmake --install /home/ahoque245/workspaces/ros2_ws/src/box2d_rl/build/box2d_rl
[1.563s] Level 1:colcon.colcon_core.environment:create_environment_scripts_only(box2d_rl)
[1.564s] DEBUG:colcon.colcon_core.event_handler.log_command:Invoked command in '/home/ahoque245/workspaces/ros2_ws/src/box2d_rl/build/box2d_rl' returned '0': CMAKE_PREFIX_PATH=${CMAKE_PREFIX_PATH}:/opt/ros/humble /usr/bin/cmake --install /home/ahoque245/workspaces/ros2_ws/src/box2d_rl/build/box2d_rl
[1.597s] Level 1:colcon.colcon_core.environment:checking '/home/ahoque245/workspaces/ros2_ws/src/box2d_rl/install/box2d_rl' for CMake module files
[1.598s] Level 1:colcon.colcon_core.environment:checking '/home/ahoque245/workspaces/ros2_ws/src/box2d_rl/install/box2d_rl' for CMake config files
[1.598s] Level 1:colcon.colcon_core.shell:create_environment_hook('box2d_rl', 'cmake_prefix_path')
[1.610s] INFO:colcon.colcon_core.shell:Creating environment hook '/home/ahoque245/workspaces/ros2_ws/src/box2d_rl/install/box2d_rl/share/box2d_rl/hook/cmake_prefix_path.ps1'
[1.611s] INFO:colcon.colcon_core.shell:Creating environment descriptor '/home/ahoque245/workspaces/ros2_ws/src/box2d_rl/install/box2d_rl/share/box2d_rl/hook/cmake_prefix_path.dsv'
[1.611s] INFO:colcon.colcon_core.shell:Creating environment hook '/home/ahoque245/workspaces/ros2_ws/src/box2d_rl/install/box2d_rl/share/box2d_rl/hook/cmake_prefix_path.sh'
[1.611s] Level 1:colcon.colcon_core.environment:checking '/home/ahoque245/workspaces/ros2_ws/src/box2d_rl/install/box2d_rl/lib'
[1.611s] Level 1:colcon.colcon_core.environment:checking '/home/ahoque245/workspaces/ros2_ws/src/box2d_rl/install/box2d_rl/bin'
[1.611s] Level 1:colcon.colcon_core.environment:checking '/home/ahoque245/workspaces/ros2_ws/src/box2d_rl/install/box2d_rl/lib/pkgconfig/box2d_rl.pc'
[1.611s] Level 1:colcon.colcon_core.environment:checking '/home/ahoque245/workspaces/ros2_ws/src/box2d_rl/install/box2d_rl/lib/python3.10/site-packages'
[1.612s] Level 1:colcon.colcon_core.environment:checking '/home/ahoque245/workspaces/ros2_ws/src/box2d_rl/install/box2d_rl/bin'
[1.621s] INFO:colcon.colcon_core.shell:Creating package script '/home/ahoque245/workspaces/ros2_ws/src/box2d_rl/install/box2d_rl/share/box2d_rl/package.ps1'
[1.621s] INFO:colcon.colcon_core.shell:Creating package descriptor '/home/ahoque245/workspaces/ros2_ws/src/box2d_rl/install/box2d_rl/share/box2d_rl/package.dsv'
[1.621s] INFO:colcon.colcon_core.shell:Creating package script '/home/ahoque245/workspaces/ros2_ws/src/box2d_rl/install/box2d_rl/share/box2d_rl/package.sh'
[1.622s] INFO:colcon.colcon_core.shell:Creating package script '/home/ahoque245/workspaces/ros2_ws/src/box2d_rl/install/box2d_rl/share/box2d_rl/package.bash'
[1.622s] INFO:colcon.colcon_core.shell:Creating package script '/home/ahoque245/workspaces/ros2_ws/src/box2d_rl/install/box2d_rl/share/box2d_rl/package.zsh'
[1.622s] Level 1:colcon.colcon_core.environment:create_file_with_runtime_dependencies(/home/ahoque245/workspaces/ros2_ws/src/box2d_rl/install/box2d_rl/share/colcon-core/packages/box2d_rl)
[1.653s] Level 1:colcon.colcon_core.environment:create_environment_scripts_only(box2d_rl)
[1.662s] Level 1:colcon.colcon_core.environment:checking '/home/ahoque245/workspaces/ros2_ws/src/box2d_rl/install/box2d_rl' for CMake module files
[1.662s] Level 1:colcon.colcon_core.environment:checking '/home/ahoque245/workspaces/ros2_ws/src/box2d_rl/install/box2d_rl' for CMake config files
[1.662s] Level 1:colcon.colcon_core.shell:create_environment_hook('box2d_rl', 'cmake_prefix_path')
[1.670s] INFO:colcon.colcon_core.shell:Creating environment hook '/home/ahoque245/workspaces/ros2_ws/src/box2d_rl/install/box2d_rl/share/box2d_rl/hook/cmake_prefix_path.ps1'
[1.670s] INFO:colcon.colcon_core.shell:Creating environment descriptor '/home/ahoque245/workspaces/ros2_ws/src/box2d_rl/install/box2d_rl/share/box2d_rl/hook/cmake_prefix_path.dsv'
[1.671s] INFO:colcon.colcon_core.shell:Creating environment hook '/home/ahoque245/workspaces/ros2_ws/src/box2d_rl/install/box2d_rl/share/box2d_rl/hook/cmake_prefix_path.sh'
[1.671s] Level 1:colcon.colcon_core.environment:checking '/home/ahoque245/workspaces/ros2_ws/src/box2d_rl/install/box2d_rl/lib'
[1.671s] Level 1:colcon.colcon_core.environment:checking '/home/ahoque245/workspaces/ros2_ws/src/box2d_rl/install/box2d_rl/bin'
[1.671s] Level 1:colcon.colcon_core.environment:checking '/home/ahoque245/workspaces/ros2_ws/src/box2d_rl/install/box2d_rl/lib/pkgconfig/box2d_rl.pc'
[1.671s] Level 1:colcon.colcon_core.environment:checking '/home/ahoque245/workspaces/ros2_ws/src/box2d_rl/install/box2d_rl/lib/python3.10/site-packages'
[1.671s] Level 1:colcon.colcon_core.environment:checking '/home/ahoque245/workspaces/ros2_ws/src/box2d_rl/install/box2d_rl/bin'
[1.679s] INFO:colcon.colcon_core.shell:Creating package script '/home/ahoque245/workspaces/ros2_ws/src/box2d_rl/install/box2d_rl/share/box2d_rl/package.ps1'
[1.680s] INFO:colcon.colcon_core.shell:Creating package descriptor '/home/ahoque245/workspaces/ros2_ws/src/box2d_rl/install/box2d_rl/share/box2d_rl/package.dsv'
[1.680s] INFO:colcon.colcon_core.shell:Creating package script '/home/ahoque245/workspaces/ros2_ws/src/box2d_rl/install/box2d_rl/share/box2d_rl/package.sh'
[1.680s] INFO:colcon.colcon_core.shell:Creating package script '/home/ahoque245/workspaces/ros2_ws/src/box2d_rl/install/box2d_rl/share/box2d_rl/package.bash'
[1.680s] INFO:colcon.colcon_core.shell:Creating package script '/home/ahoque245/workspaces/ros2_ws/src/box2d_rl/install/box2d_rl/share/box2d_rl/package.zsh'
[1.680s] Level 1:colcon.colcon_core.environment:create_file_with_runtime_dependencies(/home/ahoque245/workspaces/ros2_ws/src/box2d_rl/install/box2d_rl/share/colcon-core/packages/box2d_rl)
[1.680s] DEBUG:colcon.colcon_parallel_executor.executor.parallel:closing loop
[1.680s] DEBUG:colcon.colcon_parallel_executor.executor.parallel:loop closed
[1.680s] DEBUG:colcon.colcon_parallel_executor.executor.parallel:run_until_complete finished with '0'
[1.680s] DEBUG:colcon.colcon_core.event_reactor:joining thread
[1.693s] INFO:colcon.colcon_core.plugin_system:Skipping extension 'colcon_notification.desktop_notification.terminal_notifier': Not used on non-Darwin systems
[1.693s] INFO:colcon.colcon_core.plugin_system:Skipping extension 'colcon_notification.desktop_notification.win32': Not used on non-Windows systems
[1.693s] INFO:colcon.colcon_notification.desktop_notification:Sending desktop notification using 'notify2'
[1.699s] DEBUG:colcon.colcon_core.event_reactor:joined thread
[1.716s] INFO:colcon.colcon_core.shell:Creating prefix script '/home/ahoque245/workspaces/ros2_ws/src/box2d_rl/install/local_setup.ps1'
[1.716s] INFO:colcon.colcon_core.shell:Creating prefix util module '/home/ahoque245/workspaces/ros2_ws/src/box2d_rl/install/_local_setup_util_ps1.py'
[1.717s] INFO:colcon.colcon_core.shell:Creating prefix chain script '/home/ahoque245/workspaces/ros2_ws/src/box2d_rl/install/setup.ps1'
[1.726s] INFO:colcon.colcon_core.shell:Creating prefix script '/home/ahoque245/workspaces/ros2_ws/src/box2d_rl/install/local_setup.sh'
[1.726s] INFO:colcon.colcon_core.shell:Creating prefix util module '/home/ahoque245/workspaces/ros2_ws/src/box2d_rl/install/_local_setup_util_sh.py'
[1.727s] INFO:colcon.colcon_core.shell:Creating prefix chain script '/home/ahoque245/workspaces/ros2_ws/src/box2d_rl/install/setup.sh'
[1.738s] INFO:colcon.colcon_core.shell:Creating prefix script '/home/ahoque245/workspaces/ros2_ws/src/box2d_rl/install/local_setup.bash'
[1.738s] INFO:colcon.colcon_core.shell:Creating prefix chain script '/home/ahoque245/workspaces/ros2_ws/src/box2d_rl/install/setup.bash'
[1.747s] INFO:colcon.colcon_core.shell:Creating prefix script '/home/ahoque245/workspaces/ros2_ws/src/box2d_rl/install/local_setup.zsh'
[1.747s] INFO:colcon.colcon_core.shell:Creating prefix chain script '/home/ahoque245/workspaces/ros2_ws/src/box2d_rl/install/setup.zsh'
